[Message:   BepInEx] BepInEx 5.4.15.0 - valheim (9/19/2021 10:25:38 PM)
[Info   :   BepInEx] Running under Unity v2019.4.24.6137584
[Info   :   BepInEx] CLR runtime version: 4.0.30319.42000
[Info   :   BepInEx] Supports SRE: True
[Info   :   BepInEx] System platform: Bits64, Windows
[Message:   BepInEx] Preloader started
[Info   :   BepInEx] Loaded 1 patcher method from [BepInEx.Preloader 5.4.15.0]
[Info   :   BepInEx] Loaded 1 patcher method from [BepInEx.MonoMod.HookGenPatcher 1.1.0.0]
[Info   :   BepInEx] 2 patcher plugins loaded
[Info   :HookGenPatcher] Previous MMHOOK location found. Using that location to save instead.
[Info   :HookGenPatcher] Already ran for this version, reusing that file.
[Info   :HookGenPatcher] Previous MMHOOK location found. Using that location to save instead.
[Info   :HookGenPatcher] Already ran for this version, reusing that file.
[Info   :HookGenPatcher] Previous MMHOOK location found. Using that location to save instead.
[Info   :HookGenPatcher] Already ran for this version, reusing that file.
[Info   :HookGenPatcher] Previous MMHOOK location found. Using that location to save instead.
[Info   :HookGenPatcher] Already ran for this version, reusing that file.
[Info   :HookGenPatcher] Previous MMHOOK location found. Using that location to save instead.
[Info   :HookGenPatcher] Already ran for this version, reusing that file.
[Info   :HookGenPatcher] Previous MMHOOK location found. Using that location to save instead.
[Info   :HookGenPatcher] Already ran for this version, reusing that file.
[Info   :HookGenPatcher] Previous MMHOOK location found. Using that location to save instead.
[Info   :HookGenPatcher] Already ran for this version, reusing that file.
[Info   :HookGenPatcher] Previous MMHOOK location found. Using that location to save instead.
[Info   :HookGenPatcher] Already ran for this version, reusing that file.
[Info   :HookGenPatcher] Previous MMHOOK location found. Using that location to save instead.
[Info   :HookGenPatcher] Already ran for this version, reusing that file.
[Info   :   BepInEx] Patching [UnityEngine.CoreModule] with [BepInEx.Chainloader]
[Message:   BepInEx] Preloader finished
[Message:   BepInEx] Chainloader ready
[Message:   BepInEx] Chainloader started
[Info   :   BepInEx] 26 plugins to load
[Info   :   BepInEx] Loading [PlantEverything 1.8.2]
[Info   : PlantEverything] Initialized Server Authoritative Config Manager.
[Info   :   BepInEx] Loading [Character Edit 0.4.1]
[Warning:  HarmonyX] AccessTools.DeclaredMethod: Could not find method for type Console and name InputText and parameters 
[Warning:  HarmonyX] Unknown patch - Could not find method InputText with 0 parameters in type Console, but it was found in base class of this type Terminal
[Info   :   BepInEx] Loading [Configuration Manager 16.4]
[Info   :   BepInEx] Loading [SimpleRecycling 0.0.13]
[Info   :   BepInEx] Loading [Jotunn 2.3.2]
[Info   :    Jotunn] Initializing LocalizationManager
[Info   :    Jotunn] Initializing CommandManager
[Info   :    Jotunn] Initializing InputManager
[Info   :    Jotunn] Initializing SkillManager
[Info   :    Jotunn] Initializing PrefabManager
[Info   :    Jotunn] Initializing ItemManager
[Info   :    Jotunn] Initializing PieceManager
[Info   :    Jotunn] Initializing MockManager
[Info   :    Jotunn] Initializing KitbashManager
[Info   :    Jotunn] Initializing GUIManager
[Info   :    Jotunn] Initializing SynchronizationManager
[Info   :    Jotunn] Jötunn v2.3.2 loaded successfully
[Info   :   BepInEx] Loading [Use Equipment in Water 0.2.2.0]
[Info   :   BepInEx] Loading [ItemDropDecayConfig 1.0.2]
[Info   :   BepInEx] Loading [ModSkipSleepValheim 1.0.5]
[Info   :   BepInEx] Loading [Gizmo 1.0.0]
[Info   :   BepInEx] Loading [Fisticuffs 1.1.8]
[Info   :Fisticuffs.Fisticuffs] Embedded resources: Fisticuffs.AssetsEmbedded.valheim-brawler
[Info   :   BepInEx] Loading [Valheim Performance Optimizations 0.7.4]
[Info   :   BepInEx] Loading [BlacksmithTools 1.2.4]
[Info   :   BepInEx] Loading [Speedy Paths Mod 1.0.5]
[Info   :AuthoritativeConfig_nex.SpeedyPaths] Initialized Server Authoritative Config Manager.
[Info   :   BepInEx] Loading [Paddle Power 1.0.1]
[Info   :   BepInEx] Loading [BeastsOfBurden 1.0.4]
[Info   :BeastsOfBurden] Loading Beasts of Burden 
[Info   :   BepInEx] Loading [Creature Level & Loot Control 4.4.3]
[Info   : Unity Log] 09/19/2021 23:42:34: Loaded localization CSV:localization language:English

[Info   : Unity Log] 09/19/2021 23:42:34: Loaded localization CSV:localization_extra language:English

[Info   : Unity Log] 09/19/2021 23:42:34: Loaded localization CSV:localization language:English

[Info   : Unity Log] 09/19/2021 23:42:34: Loaded localization CSV:localization_extra language:English

[Info   : Unity Log] 09/19/2021 23:42:34: Loaded localization CSV:localization language:English

[Info   : Unity Log] 09/19/2021 23:42:34: Loaded localization CSV:localization_extra language:English

[Info   : Unity Log] 09/19/2021 23:42:34: Loaded localization CSV:localization language:English

[Info   : Unity Log] 09/19/2021 23:42:34: Loaded localization CSV:localization_extra language:English

[Info   : Unity Log] 09/19/2021 23:42:34: Loaded localization CSV:localization language:English

[Info   : Unity Log] 09/19/2021 23:42:34: Loaded localization CSV:localization_extra language:English

[Info   :   BepInEx] Loading [Display BepInEx Info In-Game 2.0.0]
[Info   :   BepInEx] Loading [Mumble Positional Audio 3.0.1]
[Info   : Unity Log] Windows Mumble Link Loaded
[Info   :   BepInEx] Loading [Fermenter Percentage 0.0.6]
[Info   :   BepInEx] Loading [ConfigItemDropDecay 1.0.0]
[Warning: Unity Log] AddComponent asking for invalid type
[Info   :   BepInEx] Loading [Equipment and Quick Slots 2.0.14]
[Info   :   BepInEx] Loading [ItemStandAllItems 1.3.0.0]
[Info   :   BepInEx] Loading [Build Near Locations 1.0.0.0]
[Info   :   BepInEx] Loading [ValheimLib 0.0.15]
[Info   :   BepInEx] Loading [Trash Items Mod 1.2.4]
[Info   :Trash Items Mod] TrashItems Loaded!
[Info   :   BepInEx] Loading [TorchesEternal 0.2]
[Message:   BepInEx] Chainloader startup complete
[Info   : Unity Log] 09/19/2021 23:42:36: Starting to load scene:start

[Info   : Unity Log] loaded Blacksmith's Tools
[Warning: Unity Log] Only custom filters can be played. Please add a custom filter or an audioclip to the audiosource (Amb_MainMenu).
[Info   : Unity Log] 09/19/2021 23:42:39: Valheim version:0.202.19

[Info   :Jotunn.Managers.CommandManager] Adding 1 commands to the Console
[Info   : Unity Log] 09/19/2021 23:42:39: Render threading mode:MultiThreaded

[Info   : Unity Log] 09/19/2021 23:42:39: Using environment steamid 892970

[Info   : Unity Log] 09/19/2021 23:42:39: Using steam APPID:892970

[Info   : Unity Log] 09/19/2021 23:42:39: Authentication:k_ESteamNetworkingAvailability_Attempting

[Info   : Unity Log] 09/19/2021 23:42:39: Steam initialized, persona:Velken Iakov

[Warning: Unity Log] 09/19/2021 23:42:39: Missing audio clip in music respawn

[Info   : Unity Log] 09/19/2021 23:42:39: Checking for installed DLCs

[Info   : Unity Log] 09/19/2021 23:42:39: DLC:beta installed:False

[Info   :Jotunn.Managers.LocalizationManager] Loading custom localizations
[Info   : Unity Log] 09/19/2021 23:42:39: Loaded localization CSV:localization language:English

[Info   : Unity Log] 09/19/2021 23:42:39: Loaded localization CSV:localization_extra language:English

[Info   :Jotunn.Managers.LocalizationManager] Adding tokens for language 'English'
[Info   :Jotunn.Managers.ItemManager] Adding 6 custom items to the ObjectDB
[Info   : Unity Log] 09/19/2021 23:42:40: UI Group status changed Menu = True

[Info   : Unity Log] 09/19/2021 23:42:42: UI Group status changed Menu = True

[Info   : Unity Log] Joystick reconnected ("Controller (XBOX 360 For Windows)").
[Info   : Unity Log] 09/19/2021 23:42:52: FOund selected Start game

[Info   : Unity Log] 09/19/2021 23:42:52: show character selection

[Info   : Unity Log] 09/19/2021 23:42:53: OnCharacterStart

[Info   :Jotunn.Managers.CommandManager] Adding 1 commands to the Console
[Info   : Unity Log] 09/19/2021 23:42:56: Loading player profile velken

[Info   : Unity Log] 09/19/2021 23:42:56: Zonesystem Awake 841

[Info   : Unity Log] 09/19/2021 23:42:56: DungeonDB Awake 841

[Info   : Unity Log] 09/19/2021 23:42:56: Steam initialized, persona:Velken Iakov

[Info   : Unity Log] Registered 'CL&LC ConfigSync' RPC - waiting for incoming connections
[Info   :Valheim Performance Optimizations] Combined prefab mats in 526.5937 ms
[Info   :Valheim Performance Optimizations] Patched 40 prefabs
[Info   :Jotunn.Managers.PrefabManager] Adding 8 custom prefabs to the ZNetScene
[Info   :Jotunn.Managers.ItemManager] Adding 6 custom items to the ObjectDB
[Info   :Jotunn.Managers.ItemManager] Adding 7 custom recipes to the ObjectDB
[Info   :Jotunn.Managers.MockManager] Destroying Mock prefabs
[Info   : Unity Log] 09/19/2021 23:42:59: Audioman already exist, destroying self

[Info   : Unity Log] 09/19/2021 23:42:59: Checking for installed DLCs

[Info   : Unity Log] 09/19/2021 23:42:59: DLC:beta installed:False

[Warning: Unity Log] Releasing render texture that is set to be RenderTexture.active!
[Info   : PlantEverything] Authoritative Config Registered
[Info   :AuthoritativeConfig_nex.SpeedyPaths] Authoritative Config Registered -> AuthoritativeConfig_nex.SpeedyPaths
[Info   : Unity Log] 09/19/2021 23:43:01: Zonesystem Start 841

[Info   : Unity Log] 09/19/2021 23:43:01: Added 3 locations from locations_cp1

[Info   : Unity Log] 09/19/2021 23:43:01: DungeonDB Start 841

[Info   : Unity Log] 09/19/2021 23:43:02: Load world aaaaaaaaaaaaaaaaa

[Info   : Unity Log] 09/19/2021 23:43:02: Loading 31053 zdos , my id 1957152415 data version:28

[Info   : Unity Log] 09/19/2021 23:43:02: Loaded 5017 dead zdos

[Info   : Unity Log] 09/19/2021 23:43:02: Removed 0 OLD generated ZDOS

[Info   : Unity Log] 09/19/2021 23:43:02: Loaded 7407 locations

[Info   : Unity Log] 09/19/2021 23:43:02: Unpacking compressed mapdata 8400

[Info   : Unity Log] 09/19/2021 23:43:03: Starting respawn

[Info   : Unity Log] 09/19/2021 23:43:03: tip:$loadscreen_tip10

[Info   : Unity Log] 09/19/2021 23:43:07: Force generaeting hmap (-384.0, 0.0, -448.0)

[Info   : Unity Log] 09/19/2021 23:43:07: Force generaeting hmap (-128.0, 0.0, -448.0)

[Info   : Unity Log] 09/19/2021 23:43:07: Force generaeting hmap (-384.0, 0.0, -192.0)

[Info   : Unity Log] 09/19/2021 23:43:07: Force generaeting hmap (-320.0, 0.0, -192.0)

[Info   : Unity Log] 09/19/2021 23:43:07: Force generaeting hmap (-128.0, 0.0, -192.0)

[Info   : Unity Log] 09/19/2021 23:43:11: Spawned after 8.019994

[Info   : Unity Log] Found game objects
[Info   : Unity Log] Setting Mumble ID to 39EEXZV6ST5WDYKN
[Info   : Unity Log] Setting context to aaaaaaaaaaaaaaaaa
[Info   : Unity Log] Mumble Shared Memory Initialized
[Info   : Unity Log] 09/19/2021 23:43:11: Minimap: Adding unique location (132.6, 33.9, 198.2)

[Info   : Unity Log] 09/19/2021 23:43:13: Resumed music meadows at 0

[Info   : Unity Log] 09/19/2021 23:44:43: Setting selected recipe 0

[Info   : Unity Log] 09/19/2021 23:44:43: UI Group status changed root = True

[Info   : Unity Log] 09/19/2021 23:44:43: UI Group status changed Player = True

[Info   : Unity Log] 09/19/2021 23:44:53: Spawned Greyling x 1

[Info   : Unity Log] 09/19/2021 23:45:06: Spawn time :0.9975 ms

[Info   : Unity Log] 09/19/2021 23:45:45: Spawned Boar x 1

[Info   : Unity Log] 09/19/2021 23:45:45: Spawned Seagal x 2

[Info   : Unity Log] 09/19/2021 23:45:45: Spawned Fish2 x 2

[Info   : Unity Log] 09/19/2021 23:45:46: Placed locations in zone -6,-10  duration 3.989 ms

[Info   : Unity Log] 09/19/2021 23:45:46: Placed locations in zone -5,-10  duration 15.4647 ms

[Info   : Unity Log] 09/19/2021 23:45:46: Placed locations in zone -4,-10  duration 0.9976 ms

[Info   : Unity Log] 09/19/2021 23:45:46: Placed locations in zone -3,-10  duration 2.9916 ms

[Info   : Unity Log] 09/19/2021 23:45:47: Placed locations in zone 0,-10  duration 5.9844 ms

[Info   : Unity Log] 09/19/2021 23:45:57: Spawned Deer x 1

[Info   : Unity Log] 09/19/2021 23:45:58: Spawned Neck x 2

[Info   : Unity Log] 09/19/2021 23:45:58: Spawned Seagal x 1

[Info   : Unity Log] 09/19/2021 23:45:58: Placed locations in zone -6,-11  duration 3.989 ms

[Info   : Unity Log] 09/19/2021 23:45:58: Placed locations in zone -5,-11  duration 0.9973 ms

[Info   : Unity Log] 09/19/2021 23:45:58: Loading dungeon

[Info   : Unity Log] 09/19/2021 23:45:58: Dungeon loaded 12

[Info   : Unity Log] 09/19/2021 23:45:58: Dungeon load time 39.8934 ms

[Info   : Unity Log] 09/19/2021 23:45:58: Placed locations in zone -4,-11  duration 2.9919 ms

[Info   : Unity Log] 09/19/2021 23:45:58: Loading dungeon

[Info   : Unity Log] 09/19/2021 23:45:58: Dungeon loaded 0

[Info   : Unity Log] 09/19/2021 23:45:58: Dungeon load time 1.9945 ms

[Info   : Unity Log] 09/19/2021 23:45:58: Available rooms:13

[Info   : Unity Log] 09/19/2021 23:45:58: To place:30

[Info   : Unity Log] 09/19/2021 23:45:59: Placed 14 rooms

[Info   : Unity Log] 09/19/2021 23:45:59: Placed locations in zone -2,-11  duration 197.483 ms

[Info   : Unity Log] 09/19/2021 23:45:59: Placed locations in zone 0,-11  duration 0 ms

[Info   : Unity Log] 09/19/2021 23:46:03: Adding stagger damage:0

[Info   : Unity Log] 09/19/2021 23:46:08: Adding stagger damage:0

[Info   : Unity Log] 09/19/2021 23:46:08: Adding stagger damage:0

[Info   : Unity Log] 09/19/2021 23:46:08: Adding stagger damage:0

[Info   : Unity Log] 09/19/2021 23:46:08: Adding stagger damage:0

[Info   : Unity Log] 09/19/2021 23:46:08: Adding stagger damage:0

[Info   : Unity Log] 09/19/2021 23:46:08: Adding stagger damage:0

[Info   : Unity Log] 09/19/2021 23:46:08: Adding stagger damage:0

[Info   : Unity Log] 09/19/2021 23:46:08: Adding stagger damage:0

[Info   : Unity Log] 09/19/2021 23:46:08: Adding stagger damage:0

[Info   : Unity Log] 09/19/2021 23:46:08: Valid True

[Info   : Unity Log] 09/19/2021 23:46:08: On death False

[Info   : Unity Log] 09/19/2021 23:46:08: Valid True

[Info   : Unity Log] 09/19/2021 23:46:08: On death False

[Info   : Unity Log] 09/19/2021 23:46:08: Valid True

[Info   : Unity Log] 09/19/2021 23:46:08: On death False

[Info   : Unity Log] 09/19/2021 23:46:12: Setting selected recipe 0

[Info   : Unity Log] 09/19/2021 23:46:12: UI Group status changed root = True

[Info   : Unity Log] 09/19/2021 23:46:12: UI Group status changed Player = True

[Info   : Unity Log] 09/19/2021 23:46:29: Setting saddle:False

[Info   : Unity Log] 09/19/2021 23:46:29: Spawn time :1.9937 ms

[Info   : Unity Log] 09/19/2021 23:46:39: Disabling Container  item

[Info   : Unity Log] 09/19/2021 23:46:48: Disabling Container  item

[Info   : Unity Log] 09/19/2021 23:46:48: Placed Cart

[Info   : Unity Log] 09/19/2021 23:46:51: Player 1957152415 wants to open Container   im: 1957152415

[Info   : Unity Log] 09/19/2021 23:46:51: Setting selected recipe 31

[Info   : Unity Log] 09/19/2021 23:46:51: UI Group status changed root = True

[Info   : Unity Log] 09/19/2021 23:46:51: UI Group status changed Player = True

[Info   : Unity Log] 09/19/2021 23:47:18: Disabling Container  item

[Info   : Unity Log] 09/19/2021 23:47:19: Setting selected recipe 31

[Info   : Unity Log] 09/19/2021 23:47:19: UI Group status changed root = True

[Info   : Unity Log] 09/19/2021 23:47:19: UI Group status changed Player = True

[Info   : Unity Log] 09/19/2021 23:47:23: Setting selected recipe 91

[Info   : Unity Log] 09/19/2021 23:47:26: Queue unlock msg:$msg_newitem:$item_saddlelox

[Info   : Unity Log] 09/19/2021 23:47:26: Disabling Container  item

[Info   : Unity Log] 09/19/2021 23:47:26: Setting selected recipe 91

[Info   : Unity Log] 09/19/2021 23:47:34: Setting saddle:True

[Info   : Unity Log] 09/19/2021 23:47:36: Doodad controlls set Lox

[Info   : Unity Log] 09/19/2021 23:47:36: Ignoring 4 colliders

[Info   : Unity Log] 09/19/2021 23:47:49: Spawned Deer x 1

[Info   : Unity Log] 09/19/2021 23:48:13: Spawned Deer x 2

[Info   : Unity Log] 09/19/2021 23:48:13: Spawned Boar x 1

[Info   : Unity Log] 09/19/2021 23:48:20: Stop doodad controlls

[Info   : Unity Log] 09/19/2021 23:48:55: Doodad controlls set Lox

[Info   : Unity Log] 09/19/2021 23:48:55: Ignoring 4 colliders

[Info   : Unity Log] 09/19/2021 23:49:06: Spawned Deer x 1

[Info   : Unity Log] 09/19/2021 23:49:06: Adding stagger damage:20

[Info   : Unity Log] 09/19/2021 23:49:29: Placed locations in zone 2,-9  duration 2.9915 ms

[Info   : Unity Log] 09/19/2021 23:49:30: Spawned Fish3 x 2

[Info   : Unity Log] 09/19/2021 23:49:30: Spawned Greyling x 1

[Info   : Unity Log] 09/19/2021 23:49:30: Spawned Greyling x 1

[Info   : Unity Log] 09/19/2021 23:49:46: Spawned Deer x 1

[Info   : Unity Log] 09/19/2021 23:50:01: Stop doodad controlls

[Info   : Unity Log] 09/19/2021 23:50:07: Doodad controlls set Lox

[Info   : Unity Log] 09/19/2021 23:50:07: Ignoring 4 colliders

[Info   : Unity Log] 09/19/2021 23:50:11: Stop doodad controlls

[Info   : Unity Log] 09/19/2021 23:50:14: Doodad controlls set Lox

[Info   : Unity Log] 09/19/2021 23:50:14: Ignoring 4 colliders

[Info   : Unity Log] 09/19/2021 23:50:22: Adding stagger damage:0

[Info   : Unity Log] 09/19/2021 23:50:23: Adding stagger damage:0

[Info   : Unity Log] 09/19/2021 23:50:24: Adding stagger damage:0

[Info   : Unity Log] 09/19/2021 23:50:25: Adding stagger damage:0

[Info   : Unity Log] 09/19/2021 23:50:26: Adding stagger damage:0

[Info   : Unity Log] 09/19/2021 23:50:27: Adding stagger damage:0

[Info   : Unity Log] 09/19/2021 23:50:28: Adding stagger damage:0

[Info   : Unity Log] 09/19/2021 23:50:29: Adding stagger damage:0

[Info   : Unity Log] 09/19/2021 23:50:30: Adding stagger damage:0

[Info   : Unity Log] 09/19/2021 23:50:31: Adding stagger damage:0

[Info   : Unity Log] 09/19/2021 23:50:32: Adding stagger damage:0

[Info   : Unity Log] 09/19/2021 23:50:33: Adding stagger damage:0

[Info   : Unity Log] 09/19/2021 23:50:34: Adding stagger damage:0

[Info   : Unity Log] 09/19/2021 23:50:35: Adding stagger damage:0

[Info   : Unity Log] 09/19/2021 23:50:36: Adding stagger damage:0

[Info   : Unity Log] 09/19/2021 23:50:39: Adding stagger damage:0

[Info   : Unity Log] 09/19/2021 23:50:40: Adding stagger damage:0

[Info   : Unity Log] 09/19/2021 23:50:41: Adding stagger damage:0

[Info   : Unity Log] 09/19/2021 23:50:42: Adding stagger damage:0

[Info   : Unity Log] 09/19/2021 23:50:43: Adding stagger damage:0

[Info   : Unity Log] 09/19/2021 23:50:43: Valid True

[Info   : Unity Log] 09/19/2021 23:50:43: On death True

[Info   : Unity Log] 09/19/2021 23:50:43: Spawning saddle 

[Info   : Unity Log] 09/19/2021 23:50:43: Stop doodad controlls

[Info   : Unity Log] 09/19/2021 23:50:52: Disabling Container  item

[Info   : Unity Log] 09/19/2021 23:51:01: Placed itemstand

[Info   : Unity Log] 09/19/2021 23:51:10: Setting selected recipe 91

[Info   : Unity Log] 09/19/2021 23:51:10: UI Group status changed root = True

[Info   : Unity Log] 09/19/2021 23:51:10: UI Group status changed Player = True

[Info   : Unity Log] 09/19/2021 23:51:11: Setting selected recipe 91

[Info   : Unity Log] 09/19/2021 23:51:17: Setting selected recipe 91

[Info   : Unity Log] 09/19/2021 23:51:17: UI Group status changed root = True

[Info   : Unity Log] 09/19/2021 23:51:17: UI Group status changed Player = True

[Info   : Unity Log] 09/19/2021 23:51:18: Item is not in this container

[Info   : Unity Log] 09/19/2021 23:51:18: Item is not in this container

[Info   : Unity Log] 09/19/2021 23:51:18: Item is not in this container

[Info   : Unity Log] 09/19/2021 23:51:18: Setting selected recipe 91

[Info   : Unity Log] 09/19/2021 23:51:26: Placed itemstandh

[Info   : Unity Log] 09/19/2021 23:51:27: Setting selected recipe 91

[Info   : Unity Log] 09/19/2021 23:51:27: UI Group status changed root = True

[Info   : Unity Log] 09/19/2021 23:51:27: UI Group status changed Player = True

[Info   : Unity Log] 09/19/2021 23:51:32: Setting selected recipe 127

[Info   : Unity Log] 09/19/2021 23:51:41: Setting selected recipe 60

[Info   : Unity Log] 09/19/2021 23:51:44: Setting selected recipe 60

[Info   : Unity Log] 09/19/2021 23:51:45: Setting selected recipe 60

[Info   : Unity Log] 09/19/2021 23:51:59: Setting selected recipe 60

[Info   : Unity Log] 09/19/2021 23:51:59: UI Group status changed root = True

[Info   : Unity Log] 09/19/2021 23:51:59: UI Group status changed Player = True

[Info   : Unity Log] 09/19/2021 23:52:01: Setting selected recipe 60

[Info   : Unity Log] 09/19/2021 23:52:05: Setting selected recipe 60

[Info   : Unity Log] 09/19/2021 23:52:05: UI Group status changed root = True

[Info   : Unity Log] 09/19/2021 23:52:05: UI Group status changed Player = True

[Info   : Unity Log] 09/19/2021 23:52:12: Setting selected recipe 60

[Info   : Unity Log] 09/19/2021 23:52:12: UI Group status changed root = True

[Info   : Unity Log] 09/19/2021 23:52:12: UI Group status changed Player = True

[Info   : Unity Log] 09/19/2021 23:52:17: Setting selected recipe 44

[Info   : Unity Log] 09/19/2021 23:52:20: Setting selected recipe 44

[Info   : Unity Log] 09/19/2021 23:52:21: Setting selected recipe 44

[Info   : Unity Log] 09/19/2021 23:52:43: Placed itemstandh

[Info   : Unity Log] 09/19/2021 23:52:44: Placed itemstandh

[Info   : Unity Log] 09/19/2021 23:52:44: Placed itemstandh

[Info   : Unity Log] 09/19/2021 23:52:45: Placed itemstandh

[Info   : Unity Log] 09/19/2021 23:52:46: Setting selected recipe 44

[Info   : Unity Log] 09/19/2021 23:52:46: UI Group status changed root = True

[Info   : Unity Log] 09/19/2021 23:52:46: UI Group status changed Player = True

[Info   : Unity Log] 09/19/2021 23:52:47: Setting selected recipe 45

[Info   : Unity Log] 09/19/2021 23:52:49: Setting selected recipe 45

[Info   : Unity Log] 09/19/2021 23:52:50: Setting selected recipe 45

[Info   : Unity Log] 09/19/2021 23:53:11: Setting selected recipe 45

[Info   : Unity Log] 09/19/2021 23:53:11: UI Group status changed root = True

[Info   : Unity Log] 09/19/2021 23:53:11: UI Group status changed Player = True

[Info   : Unity Log] 09/19/2021 23:53:13: Setting selected recipe 38

[Info   : Unity Log] 09/19/2021 23:53:17: Queue unlock msg:$msg_newitem:$item_oozebomb

[Info   : Unity Log] 09/19/2021 23:53:17: Setting selected recipe 38

[Info   : Unity Log] 09/19/2021 23:54:07: UI Group status changed MenuRoot = False

[Info   : Unity Log] 09/19/2021 23:54:07: Game - OnApplicationQuit

[Info   : Unity Log] 09/19/2021 23:54:07: Shuting down

[Info   : Unity Log] 09/19/2021 23:54:07: Uncompressed size 8388617

[Info   : Unity Log] 09/19/2021 23:54:08: Compressed size 8409

[Info   : Unity Log] 09/19/2021 23:54:08: ZNet Shutdown

[Info   : Unity Log] 09/19/2021 23:54:08: clone 26

[Info   : Unity Log] 09/19/2021 23:54:08: Sending disconnect msg

